[31-Mar-2016 15:09:36] DEBUG [polls.views:116] Data updated successfully
[31-Mar-2016 15:10:17] DEBUG [polls.views:91] Data saved successfully
[31-Mar-2016 15:13:21] DEBUG [polls.views:116] Data updated successfully
[31-Mar-2016 15:13:46] DEBUG [polls.views:116] Incorrect form parameters
[31-Mar-2016 15:17:07] DEBUG [polls.views:120] Incorrect form parameters
[31-Mar-2016 15:17:07] DEBUG [polls.views:121] polls.views
[31-Mar-2016 15:20:02] DEBUG [polls.views:120] Data updated successfully
[31-Mar-2016 16:21:18] DEBUG [polls.views:125] Some error occurred
[31-Mar-2016 16:21:23] DEBUG [polls.views:125] Some error occurred
[31-Mar-2016 16:21:31] DEBUG [polls.views:125] Incorrect form parameters
[31-Mar-2016 16:28:52] DEBUG [polls.views:128] Incorrect form parameters
[31-Mar-2016 16:28:58] DEBUG [polls.views:128] Incorrect form parameters
[31-Mar-2016 16:36:39] DEBUG [polls.views:128] Some error occurred
[31-Mar-2016 16:38:11] DEBUG [polls.views:128] Some error occurred
[31-Mar-2016 16:40:07] DEBUG [polls.views:128] Question matching query does not exist.
[31-Mar-2016 16:41:08] DEBUG [polls.views:127] Some error occurred
[31-Mar-2016 16:47:27] DEBUG [polls.views:126] Question does not exist
[31-Mar-2016 16:49:49] DEBUG [polls.views:97] Data saved successfully
[31-Mar-2016 16:50:04] DEBUG [polls.views:125] Question does not exist
[31-Mar-2016 16:50:35] DEBUG [polls.views:125] Data updated successfully
